<?xml version="1.0" encoding="UTF-8"?>
<!-- Generated by org.testng.reporters.JUnitReportReporter -->
<testsuite hostname="DESKTOP-TD3KLSF" failures="0" tests="2" name="testclasses.HomePageTest" time="25.963" errors="0" timestamp="2025-07-15T22:19:57 IST" skipped="0">
  <testcase classname="testclasses.HomePageTest" name="verifyReachedUserManagementPage" time="12.400"/>
  <testcase classname="testclasses.HomePageTest" name="calculatorname" time="13.563"/>
</testsuite> <!-- testclasses.HomePageTest -->
