<?xml version="1.0" encoding="UTF-8"?>
<!-- Generated by org.testng.reporters.JUnitReportReporter -->
<testsuite hostname="DESKTOP-TD3KLSF" failures="0" tests="2" name="testclasses.HomePageTest" time="23.703" errors="0" timestamp="2025-07-14T02:41:57 IST" skipped="0">
  <testcase classname="testclasses.HomePageTest" name="verifyReachedUserManagementPage" time="11.819"/>
  <testcase classname="testclasses.HomePageTest" name="calculatorname" time="11.884"/>
</testsuite> <!-- testclasses.HomePageTest -->
