<?xml version="1.0" encoding="UTF-8"?>
<!-- Generated by org.testng.reporters.JUnitReportReporter -->
<testsuite hostname="DESKTOP-TD3KLSF" failures="0" tests="2" name="testclasses.HomePageTest" time="22.770" errors="0" timestamp="2025-07-17T12:06:41 IST" skipped="0">
  <testcase classname="testclasses.HomePageTest" name="verifyReachedUserManagementPage" time="10.824"/>
  <testcase classname="testclasses.HomePageTest" name="calculatorname" time="11.946"/>
</testsuite> <!-- testclasses.HomePageTest -->
