<?xml version="1.0" encoding="UTF-8"?>
<!-- Generated by org.testng.reporters.JUnitReportReporter -->
<testsuite hostname="DESKTOP-TD3KLSF" failures="0" tests="2" name="testclasses.UserManagementTest" time="31.591" errors="0" timestamp="2025-07-17T12:33:58 IST" skipped="0">
  <testcase classname="testclasses.UserManagementTest" name="verifyForAdduserstext" time="13.079"/>
  <testcase classname="testclasses.UserManagementTest" name="verifynewuserCreated" time="18.512"/>
</testsuite> <!-- testclasses.UserManagementTest -->
