<?xml version="1.0" encoding="UTF-8"?>
<!-- Generated by org.testng.reporters.JUnitReportReporter -->
<testsuite hostname="DESKTOP-TD3KLSF" failures="0" tests="7" name="testclasses.LoginPageTest" time="61.700" errors="0" timestamp="2025-07-16T15:19:46 IST" skipped="0">
  <testcase classname="testclasses.LoginPageTest" name="verifyLogoDisplayed" time="6.695"/>
  <testcase classname="testclasses.LoginPageTest" name="verifyTitleofthePage" time="12.211"/>
  <testcase classname="testclasses.LoginPageTest" name="verifyIstheremembermecheckboxenaled" time="6.985"/>
  <testcase classname="testclasses.LoginPageTest" name="verifySuccessfulLogin" time="10.762"/>
  <testcase classname="testclasses.LoginPageTest" name="verifyUnsuccessfulLogin" time="10.063"/>
  <testcase classname="testclasses.LoginPageTest" name="verifyUnsuccessfulLogin" time="7.774"/>
  <testcase classname="testclasses.LoginPageTest" name="verifyUnsuccessfulLogin" time="7.210"/>
</testsuite> <!-- testclasses.LoginPageTest -->
