<?xml version="1.0" encoding="UTF-8"?>
<!-- Generated by org.testng.reporters.JUnitReportReporter -->
<testsuite hostname="DESKTOP-TD3KLSF" failures="0" tests="7" name="testclasses.LoginPageTest" time="48.191" errors="0" timestamp="2025-07-17T12:06:41 IST" skipped="0">
  <testcase classname="testclasses.LoginPageTest" name="verifyLogoDisplayed" time="4.371"/>
  <testcase classname="testclasses.LoginPageTest" name="verifyTitleofthePage" time="5.644"/>
  <testcase classname="testclasses.LoginPageTest" name="verifyIstheremembermecheckboxenaled" time="9.514"/>
  <testcase classname="testclasses.LoginPageTest" name="verifySuccessfulLogin" time="8.979"/>
  <testcase classname="testclasses.LoginPageTest" name="verifyUnsuccessfulLogin" time="6.476"/>
  <testcase classname="testclasses.LoginPageTest" name="verifyUnsuccessfulLogin" time="6.640"/>
  <testcase classname="testclasses.LoginPageTest" name="verifyUnsuccessfulLogin" time="6.567"/>
</testsuite> <!-- testclasses.LoginPageTest -->
