<?xml version="1.0" encoding="UTF-8"?>
<!-- Generated by org.testng.reporters.JUnitReportReporter -->
<testsuite hostname="DESKTOP-TD3KLSF" failures="0" tests="3" name="testclasses.ContactsTest" time="76.597" errors="0" timestamp="2025-07-16T23:16:05 IST" skipped="0">
  <testcase classname="testclasses.ContactsTest" name="verifyReachedSupplierPage" time="15.076"/>
  <testcase classname="testclasses.ContactsTest" name="verifytogetRowCount" time="42.783"/>
  <testcase classname="testclasses.ContactsTest" name="verifyFileUploadedfailedmsg" time="18.738"/>
</testsuite> <!-- testclasses.ContactsTest -->
