<?xml version="1.0" encoding="UTF-8"?>
<!-- Generated by org.testng.reporters.JUnitReportReporter -->
<testsuite hostname="DESKTOP-TD3KLSF" failures="0" tests="1" name="testclasses.HomePageTest" time="13.650" errors="0" timestamp="2025-07-16T14:13:39 IST" skipped="0">
  <testcase classname="testclasses.HomePageTest" name="calculatorname" time="13.650"/>
</testsuite> <!-- testclasses.HomePageTest -->
