<?xml version="1.0" encoding="UTF-8"?>
<!-- Generated by org.testng.reporters.JUnitReportReporter -->
<testsuite hostname="DESKTOP-TD3KLSF" failures="0" tests="4" name="testclasses.ContactsTest" time="67.555" errors="0" timestamp="2025-07-17T12:06:41 IST" skipped="1">
  <testcase classname="testclasses.ContactsTest" name="verifyReachedSupplierPage" time="13.266"/>
  <testcase classname="testclasses.ContactsTest" name="verifytogetRowCount" time="18.033">
    <skipped/>
  </testcase> <!-- verifytogetRowCount -->
  <testcase classname="testclasses.ContactsTest" name="verifytogetRowCount" time="16.065"/>
  <testcase classname="testclasses.ContactsTest" name="verifyFileUploadedfailedmsg" time="20.191"/>
</testsuite> <!-- testclasses.ContactsTest -->
