<?xml version="1.0" encoding="UTF-8"?>
<!-- Generated by org.testng.reporters.JUnitReportReporter -->
<testsuite hostname="DESKTOP-TD3KLSF" failures="0" tests="7" name="testclasses.LoginPageTest" time="46.190" errors="0" timestamp="2025-07-15T22:19:57 IST" skipped="0">
  <testcase classname="testclasses.LoginPageTest" name="verifyLogoDisplayed" time="4.404"/>
  <testcase classname="testclasses.LoginPageTest" name="verifyTitleofthePage" time="5.973"/>
  <testcase classname="testclasses.LoginPageTest" name="verifyIstheremembermecheckboxenaled" time="5.642"/>
  <testcase classname="testclasses.LoginPageTest" name="verifySuccessfulLogin" time="10.646"/>
  <testcase classname="testclasses.LoginPageTest" name="verifyUnsuccessfulLogin" time="6.928"/>
  <testcase classname="testclasses.LoginPageTest" name="verifyUnsuccessfulLogin" time="5.763"/>
  <testcase classname="testclasses.LoginPageTest" name="verifyUnsuccessfulLogin" time="6.834"/>
</testsuite> <!-- testclasses.LoginPageTest -->
