<?xml version="1.0" encoding="UTF-8"?>
<!-- Generated by org.testng.reporters.JUnitReportReporter -->
<testsuite hostname="DESKTOP-TD3KLSF" failures="0" tests="2" name="testclasses.UserManagementTest" time="40.941" errors="0" timestamp="2025-07-15T22:19:57 IST" skipped="0">
  <testcase classname="testclasses.UserManagementTest" name="verifyForAdduserstext" time="15.213"/>
  <testcase classname="testclasses.UserManagementTest" name="verifynewuserCreated" time="25.728"/>
</testsuite> <!-- testclasses.UserManagementTest -->
