<?xml version="1.0" encoding="UTF-8"?>
<!-- Generated by org.testng.reporters.JUnitReportReporter -->
<testsuite hostname="DESKTOP-TD3KLSF" failures="0" tests="7" name="testclasses.LoginPageTest" time="40.350" errors="0" timestamp="2025-07-17T12:33:58 IST" skipped="0">
  <testcase classname="testclasses.LoginPageTest" name="verifyLogoDisplayed" time="4.790"/>
  <testcase classname="testclasses.LoginPageTest" name="verifyTitleofthePage" time="5.314"/>
  <testcase classname="testclasses.LoginPageTest" name="verifyIstheremembermecheckboxenaled" time="5.161"/>
  <testcase classname="testclasses.LoginPageTest" name="verifySuccessfulLogin" time="8.246"/>
  <testcase classname="testclasses.LoginPageTest" name="verifyUnsuccessfulLogin" time="5.769"/>
  <testcase classname="testclasses.LoginPageTest" name="verifyUnsuccessfulLogin" time="5.553"/>
  <testcase classname="testclasses.LoginPageTest" name="verifyUnsuccessfulLogin" time="5.517"/>
</testsuite> <!-- testclasses.LoginPageTest -->
