<?xml version="1.0" encoding="UTF-8"?>
<!-- Generated by org.testng.reporters.JUnitReportReporter -->
<testsuite hostname="DESKTOP-TD3KLSF" failures="0" tests="2" name="testclasses.UserManagementTest" time="32.445" errors="0" timestamp="2025-07-16T01:44:04 IST" skipped="0">
  <testcase classname="testclasses.UserManagementTest" name="verifyForAdduserstext" time="14.458"/>
  <testcase classname="testclasses.UserManagementTest" name="verifynewuserCreated" time="17.987"/>
</testsuite> <!-- testclasses.UserManagementTest -->
