<?xml version="1.0" encoding="UTF-8"?>
<!-- Generated by org.testng.reporters.JUnitReportReporter -->
<testsuite hostname="DESKTOP-TD3KLSF" failures="0" tests="2" name="testclasses.UserManagementTest" time="32.855" errors="0" timestamp="2025-07-14T02:41:57 IST" skipped="0">
  <testcase classname="testclasses.UserManagementTest" name="verifyForAdduserstext" time="12.951"/>
  <testcase classname="testclasses.UserManagementTest" name="verifynewuserCreated" time="19.904"/>
</testsuite> <!-- testclasses.UserManagementTest -->
