<?xml version="1.0" encoding="UTF-8"?>
<!-- Generated by org.testng.reporters.JUnitReportReporter -->
<testsuite hostname="DESKTOP-TD3KLSF" failures="0" tests="3" name="testclasses.ContactsTest" time="49.580" errors="0" timestamp="2025-07-17T12:33:58 IST" skipped="0">
  <testcase classname="testclasses.ContactsTest" name="verifyReachedSupplierPage" time="13.598"/>
  <testcase classname="testclasses.ContactsTest" name="verifytogetRowCount" time="16.765"/>
  <testcase classname="testclasses.ContactsTest" name="verifyFileUploadedfailedmsg" time="19.217"/>
</testsuite> <!-- testclasses.ContactsTest -->
