<?xml version="1.0" encoding="UTF-8"?>
<!-- Generated by org.testng.reporters.JUnitReportReporter -->
<testsuite hostname="DESKTOP-TD3KLSF" failures="0" tests="3" name="testclasses.UserManagementTest" time="55.241" errors="0" timestamp="2025-07-17T12:19:28 IST" skipped="1">
  <testcase classname="testclasses.UserManagementTest" name="verifyForAdduserstext" time="14.736"/>
  <testcase classname="testclasses.UserManagementTest" name="verifynewuserCreated" time="21.252">
    <skipped/>
  </testcase> <!-- verifynewuserCreated -->
  <testcase classname="testclasses.UserManagementTest" name="verifynewuserCreated" time="19.253"/>
</testsuite> <!-- testclasses.UserManagementTest -->
