<?xml version="1.0" encoding="UTF-8"?>
<!-- Generated by org.testng.reporters.JUnitReportReporter -->
<testsuite hostname="DESKTOP-TD3KLSF" failures="0" tests="3" name="testclasses.ContactsTest" time="52.227" errors="0" timestamp="2025-07-15T22:19:57 IST" skipped="0">
  <testcase classname="testclasses.ContactsTest" name="verifyReachedSupplierPage" time="13.438"/>
  <testcase classname="testclasses.ContactsTest" name="verifytogetRowCount" time="17.014"/>
  <testcase classname="testclasses.ContactsTest" name="verifyFileUploadedfailedmsg" time="21.775"/>
</testsuite> <!-- testclasses.ContactsTest -->
