<?xml version="1.0" encoding="UTF-8"?>
<!-- Generated by org.testng.reporters.JUnitReportReporter -->
<testsuite hostname="DESKTOP-TD3KLSF" failures="0" tests="2" name="testclasses.HomePageTest" time="23.922" errors="0" timestamp="2025-07-17T12:33:58 IST" skipped="0">
  <testcase classname="testclasses.HomePageTest" name="verifyReachedUserManagementPage" time="11.777"/>
  <testcase classname="testclasses.HomePageTest" name="calculatorname" time="12.145"/>
</testsuite> <!-- testclasses.HomePageTest -->
