<?xml version="1.0" encoding="UTF-8"?>
<!-- Generated by org.testng.reporters.JUnitReportReporter -->
<testsuite hostname="DESKTOP-TD3KLSF" failures="0" tests="3" name="testclasses.ContactsTest" time="50.426" errors="0" timestamp="2025-07-14T02:41:57 IST" skipped="0">
  <testcase classname="testclasses.ContactsTest" name="verifyReachedSupplierPage" time="15.327"/>
  <testcase classname="testclasses.ContactsTest" name="verifytogetRowCount" time="16.040"/>
  <testcase classname="testclasses.ContactsTest" name="verifyFileUploadedfailedmsg" time="19.059"/>
</testsuite> <!-- testclasses.ContactsTest -->
