<?xml version="1.0" encoding="UTF-8"?>
<!-- Generated by org.testng.reporters.JUnitReportReporter -->
<testsuite hostname="DESKTOP-TD3KLSF" failures="0" tests="14" name="testclasses.LoginPageTest" time="141.572" errors="0" timestamp="2025-07-19T14:31:35 IST" skipped="0">
  <testcase classname="testclasses.LoginPageTest" name="verifyLogoDisplayed" time="8.321"/>
  <testcase classname="testclasses.LoginPageTest" name="verifyLogoDisplayed" time="21.494"/>
  <testcase classname="testclasses.LoginPageTest" name="verifyTitleofthePage" time="5.918"/>
  <testcase classname="testclasses.LoginPageTest" name="verifyTitleofthePage" time="7.023"/>
  <testcase classname="testclasses.LoginPageTest" name="verifyIstheremembermecheckboxenaled" time="5.999"/>
  <testcase classname="testclasses.LoginPageTest" name="verifyIstheremembermecheckboxenaled" time="7.010"/>
  <testcase classname="testclasses.LoginPageTest" name="verifySuccessfulLogin" time="13.758"/>
  <testcase classname="testclasses.LoginPageTest" name="verifySuccessfulLogin" time="17.172"/>
  <testcase classname="testclasses.LoginPageTest" name="verifyUnsuccessfulLogin" time="6.709"/>
  <testcase classname="testclasses.LoginPageTest" name="verifyUnsuccessfulLogin" time="6.787"/>
  <testcase classname="testclasses.LoginPageTest" name="verifyUnsuccessfulLogin" time="9.123"/>
  <testcase classname="testclasses.LoginPageTest" name="verifyUnsuccessfulLogin" time="7.072"/>
  <testcase classname="testclasses.LoginPageTest" name="verifyUnsuccessfulLogin" time="7.497"/>
  <testcase classname="testclasses.LoginPageTest" name="verifyUnsuccessfulLogin" time="17.689"/>
</testsuite> <!-- testclasses.LoginPageTest -->
