<?xml version="1.0" encoding="UTF-8"?>
<!-- Generated by org.testng.reporters.JUnitReportReporter -->
<testsuite hostname="DESKTOP-TD3KLSF" failures="0" tests="7" name="testclasses.LoginPageTest" time="111.025" errors="0" timestamp="2025-07-14T02:30:47 IST" skipped="0">
  <testcase classname="testclasses.LoginPageTest" name="verifyIstheremembermecheckboxenaled" time="5.738"/>
  <testcase classname="testclasses.LoginPageTest" name="verifyTitleofthePage" time="26.294"/>
  <testcase classname="testclasses.LoginPageTest" name="verifyUnsuccessfulLogin" time="27.702"/>
  <testcase classname="testclasses.LoginPageTest" name="verifyLogoDisplayed" time="4.790"/>
  <testcase classname="testclasses.LoginPageTest" name="verifyUnsuccessfulLogin" time="7.140"/>
  <testcase classname="testclasses.LoginPageTest" name="verifySuccessfulLogin" time="29.044"/>
  <testcase classname="testclasses.LoginPageTest" name="verifyUnsuccessfulLogin" time="10.317"/>
</testsuite> <!-- testclasses.LoginPageTest -->
