<?xml version="1.0" encoding="UTF-8"?>
<!-- Generated by org.testng.reporters.JUnitReportReporter -->
<testsuite hostname="DESKTOP-TD3KLSF" failures="0" tests="2" name="testclasses.HomePageTest" time="26.168" errors="0" timestamp="2025-07-19T14:01:20 IST" skipped="0">
  <testcase classname="testclasses.HomePageTest" name="verifyReachedUserManagementPage" time="13.076"/>
  <testcase classname="testclasses.HomePageTest" name="calculatorname" time="13.092"/>
</testsuite> <!-- testclasses.HomePageTest -->
