<?xml version="1.0" encoding="UTF-8"?>
<!-- Generated by org.testng.reporters.JUnitReportReporter -->
<testsuite hostname="DESKTOP-TD3KLSF" failures="0" tests="7" name="testclasses.LoginPageTest" time="46.732" errors="0" timestamp="2025-07-19T14:01:20 IST" skipped="0">
  <testcase classname="testclasses.LoginPageTest" name="verifyLogoDisplayed" time="4.559"/>
  <testcase classname="testclasses.LoginPageTest" name="verifyTitleofthePage" time="5.597"/>
  <testcase classname="testclasses.LoginPageTest" name="verifyIstheremembermecheckboxenaled" time="4.345"/>
  <testcase classname="testclasses.LoginPageTest" name="verifySuccessfulLogin" time="8.998"/>
  <testcase classname="testclasses.LoginPageTest" name="verifyUnsuccessfulLogin" time="6.438"/>
  <testcase classname="testclasses.LoginPageTest" name="verifyUnsuccessfulLogin" time="8.454"/>
  <testcase classname="testclasses.LoginPageTest" name="verifyUnsuccessfulLogin" time="8.341"/>
</testsuite> <!-- testclasses.LoginPageTest -->
