<?xml version="1.0" encoding="UTF-8"?>
<!-- Generated by org.testng.reporters.JUnitReportReporter -->
<testsuite hostname="DESKTOP-TD3KLSF" failures="0" tests="3" name="testclasses.ContactsTest" time="56.686" errors="0" timestamp="2025-07-14T02:30:47 IST" skipped="0">
  <testcase classname="testclasses.ContactsTest" name="verifytogetRowCount" time="16.737"/>
  <testcase classname="testclasses.ContactsTest" name="verifyReachedSupplierPage" time="19.790"/>
  <testcase classname="testclasses.ContactsTest" name="verifyFileUploadedfailedmsg" time="20.159"/>
</testsuite> <!-- testclasses.ContactsTest -->
