<?xml version="1.0" encoding="UTF-8"?>
<!-- Generated by org.testng.reporters.JUnitReportReporter -->
<testsuite hostname="DESKTOP-TD3KLSF" failures="0" tests="4" name="testclasses.HomePageTest" time="58.819" errors="0" timestamp="2025-07-19T14:31:35 IST" skipped="0">
  <testcase classname="testclasses.HomePageTest" name="verifyReachedUserManagementPage" time="17.017"/>
  <testcase classname="testclasses.HomePageTest" name="verifyReachedUserManagementPage" time="16.255"/>
  <testcase classname="testclasses.HomePageTest" name="calculatorname" time="13.804"/>
  <testcase classname="testclasses.HomePageTest" name="calculatorname" time="11.743"/>
</testsuite> <!-- testclasses.HomePageTest -->
