<?xml version="1.0" encoding="UTF-8"?>
<!-- Generated by org.testng.reporters.JUnitReportReporter -->
<testsuite hostname="DESKTOP-TD3KLSF" failures="0" tests="1" name="testclasses.HomePageTest" time="13.455" errors="0" timestamp="2025-07-17T13:50:28 IST" skipped="0">
  <testcase classname="testclasses.HomePageTest" name="calculatorname" time="13.455"/>
</testsuite> <!-- testclasses.HomePageTest -->
