<?xml version="1.0" encoding="UTF-8"?>
<!-- Generated by org.testng.reporters.JUnitReportReporter -->
<testsuite hostname="DESKTOP-TD3KLSF" failures="0" tests="2" name="testclasses.LoginPageTest" time="24.104" errors="0" timestamp="2025-07-17T13:50:28 IST" skipped="0">
  <testcase classname="testclasses.LoginPageTest" name="verifyIstheremembermecheckboxenaled" time="11.079"/>
  <testcase classname="testclasses.LoginPageTest" name="verifySuccessfulLogin" time="13.025"/>
</testsuite> <!-- testclasses.LoginPageTest -->
