<?xml version="1.0" encoding="UTF-8"?>
<!-- Generated by org.testng.reporters.JUnitReportReporter -->
<testsuite hostname="DESKTOP-TD3KLSF" failures="0" tests="2" name="testclasses.UserManagementTest" time="50.204" errors="0" timestamp="2025-07-14T02:30:47 IST" skipped="0">
  <testcase classname="testclasses.UserManagementTest" name="verifynewuserCreated" time="32.051"/>
  <testcase classname="testclasses.UserManagementTest" name="verifyForAdduserstext" time="18.153"/>
</testsuite> <!-- testclasses.UserManagementTest -->
