<?xml version="1.0" encoding="UTF-8"?>
<!-- Generated by org.testng.reporters.JUnitReportReporter -->
<testsuite hostname="DESKTOP-TD3KLSF" failures="0" tests="2" name="testclasses.HomePageTest" time="29.540" errors="0" timestamp="2025-07-14T02:30:47 IST" skipped="0">
  <testcase classname="testclasses.HomePageTest" name="verifyReachedUserManagementPage" time="12.710"/>
  <testcase classname="testclasses.HomePageTest" name="calculatorname" time="16.830"/>
</testsuite> <!-- testclasses.HomePageTest -->
